<?xml version="1.0" encoding="UTF-8"?>
<!-- Generated by org.testng.reporters.JUnitReportReporter -->
<testsuite hostname="DESKTOP-7B78NJ3" failures="0" tests="1" name="selenium_Concepts.Launch_Browser" time="3.087" errors="0" timestamp="20 Nov 2023 18:32:12 GMT" skipped="0">
  <testcase classname="selenium_Concepts.Launch_Browser" name="Launch_BrowserTest2" time="3.087"/>
</testsuite> <!-- selenium_Concepts.Launch_Browser -->
