<?xml version="1.0" encoding="UTF-8"?>
<!-- Generated by org.testng.reporters.JUnitReportReporter -->
<testsuite hostname="DESKTOP-7B78NJ3" failures="0" tests="1" name="selenium_Concepts.FilterMenuHandling" time="1.878" errors="0" timestamp="22 Nov 2023 19:35:54 GMT" skipped="0">
  <testcase classname="selenium_Concepts.FilterMenuHandling" name="FilterMenuHandlingTest" time="1.878"/>
</testsuite> <!-- selenium_Concepts.FilterMenuHandling -->
